18-May-22 23:01:13 - ====== WebDriver manager ======
18-May-22 23:01:13 - Current edge version is 101.0.1210
18-May-22 23:01:13 - Get LATEST edgedriver version for 101.0.1210 Edge
18-May-22 23:01:13 - Driver [C:\Users\Admin\.wdm\drivers\edgedriver\win64\101.0.1210.47\msedgedriver.exe] found in cache
18-May-22 23:01:16 - ****Driver Initialized ****
18-May-22 23:01:19 - ****Browser Launched ****
18-May-22 23:01:19 - ****Title matched****
18-May-22 23:01:19 - ****Browser closed****
18-May-22 23:01:21 - ====== WebDriver manager ======
18-May-22 23:01:23 - Current edge version is 101.0.1210
18-May-22 23:01:23 - Get LATEST edgedriver version for 101.0.1210 Edge
18-May-22 23:01:23 - Driver [C:\Users\Admin\.wdm\drivers\edgedriver\win64\101.0.1210.47\msedgedriver.exe] found in cache
18-May-22 23:01:26 - ****Driver search Initialized ****
18-May-22 23:01:28 - ****Browser search Launched ****
18-May-22 23:01:29 - Search Results for Keys
18-May-22 23:01:29 - Most Reliable App & Cross Browser Testing Platform | BrowserStack
18-May-22 23:01:38 - ais-Hits ais-Hits--empty
18-May-22 23:01:38 - ****Search keys 1 failed *****
18-May-22 23:01:38 - Search Results for dawddawdawdawdwa
18-May-22 23:01:38 - Search Results for dawddawdawdawdwa
18-May-22 23:01:45 - ais-Hits
18-May-22 23:01:45 - ****Search keys 2 passed *****
18-May-22 23:01:45 - Search Results for &^*#^#@%*$#!
18-May-22 23:01:45 - Search Results for &^*#^#@%*$#!
18-May-22 23:01:51 - ais-Hits ais-Hits--empty
18-May-22 23:01:51 - ****Search keys 3 failed *****
18-May-22 23:01:51 - Search Results for da12361728321
18-May-22 23:01:51 - Search Results for da12361728321
18-May-22 23:02:00 - ais-Hits ais-Hits--empty
18-May-22 23:02:00 - ****Search keys 4 failed *****
18-May-22 23:02:00 - Search Results for window.alert(message);
18-May-22 23:02:00 - Search Results for window.alert(message);
18-May-22 23:02:07 - ais-Hits
18-May-22 23:02:07 - ****Search keys 5 passed *****
18-May-22 23:02:07 - ****Entered Credentials end ****
18-May-22 23:02:07 - ****title screen search matched ****
18-May-22 23:02:09 - **** Browser search closed****
er version for 101.0.1210 Edge
Get LATEST edgedriver version for 101.0.1210 Edge
Get LATEST edgedriver version for 101.0.1210 Edge
Driver [C:\Users\Admin\.wdm\drivers\edgedriver\win64\101.0.1210.47\msedgedriver.exe] found in cache
Driver [C:\Users\Admin\.wdm\drivers\edgedriver\win64\101.0.1210.47\msedgedriver.exe] found in cache
Driver [C:\Users\Admin\.wdm\drivers\edgedriver\win64\101.0.1210.47\msedgedriver.exe] found in cache
Driver [C:\Users\Admin\.wdm\drivers\edgedriver\win64\101.0.1210.47\msedgedriver.exe] found in cache
Driver [C:\Users\Admin\.wdm\drivers\edgedriver\win64\101.0.1210.47\msedgedriver.exe] found in cache
****Driver search Initialized ****
****Driver search Initialized ****
****Driver search Initialized ****
****Driver search Initialized ****
****Driver search Initialized ****
****Browser search Launched ****
****Browser search Launched ****
****Browser search Launched ****
****Browser search Launched ****
****Browser search Launched ****
Search Results for Keys
Search Results for Keys
Search Results for Keys
Search Results for Keys
Search Results for Keys
Most Reliable App & Cross Browser Testing Platform | BrowserStack
Most Reliable App & Cross Browser Testing Platform | BrowserStack
Most Reliable App & Cross Browser Testing Platform | BrowserStack
Most Reliable App & Cross Browser Testing Platform | BrowserStack
Most Reliable App & Cross Browser Testing Platform | BrowserStack
ais-Hits ais-Hits--empty
ais-Hits ais-Hits--empty
ais-Hits ais-Hits--empty
ais-Hits ais-Hits--empty
ais-Hits ais-Hits--empty
****Search keys 1 failed *****
****Search keys 1 failed *****
****Search keys 1 failed *****
****Search keys 1 failed *****
****Search keys 1 failed *****
Search Results for dawddawdawdawdwa
Search Results for dawddawdawdawdwa
Search Results for dawddawdawdawdwa
Search Results for dawddawdawdawdwa
Search Results for dawddawdawdawdwa
Search Results for dawddawdawdawdwa
Search Results for dawddawdawdawdwa
Search Results for dawddawdawdawdwa
Search Results for dawddawdawdawdwa
Search Results for dawddawdawdawdwa
ais-Hits
ais-Hits
ais-Hits
ais-Hits
ais-Hits
****Search keys 2 passed *****
****Search keys 2 passed *****
****Search keys 2 passed *****
****Search keys 2 passed *****
****Search keys 2 passed *****
Search Results for &^*#^#@%*$#!
Search Results for &^*#^#@%*$#!
Search Results for &^*#^#@%*$#!
Search Results for &^*#^#@%*$#!
Search Results for &^*#^#@%*$#!
Search Results for &^*#^#@%*$#!
Search Results for &^*#^#@%*$#!
Search Results for &^*#^#@%*$#!
Search Results for &^*#^#@%*$#!
Search Results for &^*#^#@%*$#!
ais-Hits ais-Hits--empty
ais-Hits ais-Hits--empty
ais-Hits ais-Hits--empty
ais-Hits ais-Hits--empty
ais-Hits ais-Hits--empty
****Search keys 3 failed *****
****Search keys 3 failed *****
****Search keys 3 failed *****
****Search keys 3 failed *****
****Search keys 3 failed *****
Search Results for da12361728321
Search Results for da12361728321
Search Results for da12361728321
Search Results for da12361728321
Search Results for da12361728321
Search Results for da12361728321
Search Results for da12361728321
Search Results for da12361728321
Search Results for da12361728321
Search Results for da12361728321
ais-Hits ais-Hits--empty
ais-Hits ais-Hits--empty
ais-Hits ais-Hits--empty
ais-Hits ais-Hits--empty
ais-Hits ais-Hits--empty
****Search keys 4 failed *****
****Search keys 4 failed *****
****Search keys 4 failed *****
****Search keys 4 failed *****
****Search keys 4 failed *****
Search Results for window.alert(message);
Search Results for window.alert(message);
Search Results for window.alert(message);
Search Results for window.alert(message);
Search Results for window.alert(message);
Search Results for window.alert(message);
Search Results for window.alert(message);
Search Results for window.alert(message);
Search Results for window.alert(message);
Search Results for window.alert(message);
ais-Hits
ais-Hits
ais-Hits
ais-Hits
ais-Hits
****Search keys 5 passed *****
****Search keys 5 passed *****
****Search keys 5 passed *****
****Search keys 5 passed *****
****Search keys 5 passed *****
****Entered Credentials end ****
****Entered Credentials end ****
****Entered Credentials end ****
****Entered Credentials end ****
****Entered Credentials end ****
****title screen search matched ****
****title screen search matched ****
****title screen search matched ****
****title screen search matched ****
****title screen search matched ****
**** Browser search closed****
**** Browser search closed****
**** Browser search closed****
**** Browser search closed****
**** Browser search closed****
